<?xml version="1.0" encoding="UTF-8"?>
<!-- Generated by org.testng.reporters.JUnitReportReporter -->
<testsuite hostname="USRN4WDC405C94A" name="com.onstar.gaa.DriverScript" tests="1" failures="0" timestamp="2 Jun 2015 20:03:46 GMT" time="127.016" errors="0">
  <testcase name="run" time="127.016" classname="com.onstar.gaa.DriverScript"/>
</testsuite> <!-- com.onstar.gaa.DriverScript -->
