<?xml version="1.0" encoding="UTF-8"?>
<!-- Generated by org.testng.reporters.JUnitReportReporter -->
<testsuite hostname="LT-5CG4521CMX" name="com.homedepot.renowalk.DriverScript" tests="1" failures="0" timestamp="29 Jun 2015 18:11:58 GMT" time="24.327" errors="0">
  <testcase name="run" time="24.327" classname="com.homedepot.renowalk.DriverScript"/>
</testsuite> <!-- com.homedepot.renowalk.DriverScript -->
