<?xml version="1.0" encoding="UTF-8"?>
<!-- Generated by org.testng.reporters.JUnitReportReporter -->
<testsuite hostname="USRN4WDC405C94A" name="com.Europe.Web.DriverScript" tests="1" failures="0" timestamp="20 Jan 2015 19:44:02 GMT" time="43.459" errors="0">
  <testcase name="run" time="43.459" classname="com.Europe.Web.DriverScript"/>
</testsuite> <!-- com.Europe.Web.DriverScript -->
