<?xml version="1.0" encoding="UTF-8"?>
<!-- Generated by org.testng.reporters.JUnitReportReporter -->
<testsuite hostname="LT-CNU311B1FV" name="com.homedepot.renowalk.Property" tests="1" failures="0" timestamp="24 Aug 2016 19:47:16 GMT" time="81.420" errors="0">
  <testcase name="run" time="81.420" classname="com.homedepot.renowalk.Property"/>
</testsuite> <!-- com.homedepot.renowalk.Property -->
