<?xml version="1.0" encoding="UTF-8"?>
<!-- Generated by org.testng.reporters.JUnitReportReporter -->
<testsuite hostname="USRN4WDC405C94A" name="com.OnStar_GAA.Web.DriverScript" tests="1" failures="0" timestamp="16 Apr 2015 15:47:19 GMT" time="8.644" errors="0">
  <testcase name="run" time="8.644" classname="com.OnStar_GAA.Web.DriverScript"/>
</testsuite> <!-- com.OnStar_GAA.Web.DriverScript -->
