<?xml version="1.0" encoding="UTF-8"?>
<!-- Generated by org.testng.reporters.JUnitReportReporter -->
<testsuite hostname="USRN4WDC405C94A" name="com.onstar.gaa.TestManager.DriverScript" tests="1" failures="0" timestamp="16 Apr 2015 15:55:36 GMT" time="7.770" errors="0">
  <testcase name="run" time="7.770" classname="com.onstar.gaa.TestManager.DriverScript"/>
</testsuite> <!-- com.onstar.gaa.TestManager.DriverScript -->
