<?xml version="1.0" encoding="UTF-8"?>
<!-- Generated by org.testng.reporters.JUnitReportReporter -->
<testsuite hostname="LT-CNU311B1FV" name="com.homedepot.renowalk.Corporations" tests="1" failures="0" timestamp="27 Jul 2016 15:02:42 GMT" time="32.329" errors="0">
  <testcase name="run" time="32.329" classname="com.homedepot.renowalk.Corporations"/>
</testsuite> <!-- com.homedepot.renowalk.Corporations -->
