<?xml version="1.0" encoding="UTF-8"?>
<!-- Generated by org.testng.reporters.JUnitReportReporter -->
<testsuite hostname="LT-CNU311B1FV" name="com.homedepot.renowalk.Users" tests="1" failures="0" timestamp="5 Aug 2016 20:41:07 GMT" time="390.492" errors="0">
  <testcase name="run" time="390.492" classname="com.homedepot.renowalk.Users"/>
</testsuite> <!-- com.homedepot.renowalk.Users -->
