<?xml version="1.0" encoding="UTF-8"?>
<!-- Generated by org.testng.reporters.JUnitReportReporter -->
<testsuite hostname="USRN4WDC405C94A" name="com.UAT_OnStar_GAA.Web.UAT_OnStar_GAA_testcases" tests="1" failures="0" timestamp="24 Feb 2015 20:16:41 GMT" time="1.628" errors="0">
  <testcase name="run" time="1.628" classname="com.UAT_OnStar_GAA.Web.UAT_OnStar_GAA_testcases"/>
</testsuite> <!-- com.UAT_OnStar_GAA.Web.UAT_OnStar_GAA_testcases -->
