<?xml version="1.0" encoding="UTF-8"?>
<!-- Generated by org.testng.reporters.JUnitReportReporter -->
<testsuite hostname="LT-CNU311B1FV" name="com.homedepot.renowalk.TestDriver" tests="1" failures="0" timestamp="26 Aug 2016 19:43:32 GMT" time="89.007" errors="0">
  <testcase name="run" time="89.007" classname="com.homedepot.renowalk.TestDriver"/>
</testsuite> <!-- com.homedepot.renowalk.TestDriver -->
