<?xml version="1.0" encoding="UTF-8"?>
<!-- Generated by org.testng.reporters.JUnitReportReporter -->
<testsuite hostname="USRN4WDC405C94A" name="com.UAT_OnStar_GAA.Web.DriverScript" tests="1" failures="0" timestamp="14 Apr 2015 20:27:30 GMT" time="0.287" errors="0">
  <testcase name="run" time="0.287" classname="com.UAT_OnStar_GAA.Web.DriverScript"/>
</testsuite> <!-- com.UAT_OnStar_GAA.Web.DriverScript -->
