<?xml version="1.0" encoding="UTF-8"?>
<!-- Generated by org.testng.reporters.JUnitReportReporter -->
<testsuite hostname="USRN4WDC405C94A" name="com.GAA_IPT.Web.DriverScript" tests="1" failures="0" timestamp="18 Feb 2015 21:40:14 GMT" time="205.900" errors="0">
  <testcase name="run" time="205.900" classname="com.GAA_IPT.Web.DriverScript"/>
</testsuite> <!-- com.GAA_IPT.Web.DriverScript -->
