<?xml version="1.0" encoding="UTF-8"?>
<!-- Generated by org.testng.reporters.JUnitReportReporter -->
<testsuite name="com.automation.testcases.Selenium_Keyword" tests="1" time="32.789" ignored="0" failures="0" timestamp="24 Mar 2017 22:23:06 GMT" skipped="0" hostname="Rkreddy" errors="0">
  <testcase name="TC0001" time="32.789" classname="com.automation.testcases.Selenium_Keyword"/>
</testsuite> <!-- com.automation.testcases.Selenium_Keyword -->
