<?xml version="1.0" encoding="UTF-8"?>
<!-- Generated by org.testng.reporters.JUnitReportReporter -->
<testsuite name="com.automation.testcases.Selenium_Keyword" tests="1" time="36.329" ignored="0" failures="0" timestamp="08 Mar 2017 03:12:39 GMT" skipped="0" hostname="Saikrishna" errors="0">
  <testcase name="TC0001" time="36.329" classname="com.automation.testcases.Selenium_Keyword"/>
</testsuite> <!-- com.automation.testcases.Selenium_Keyword -->
